kotlin version: 2.0.0
error message: java.nio.file.NoSuchFileException: /Users/dinesh/AndroidStudioProjects/MyApplication4/shared/build/kotlinTransformedMetadataLibraries/commonMain/org.jetbrains.kotlin-kotlin-stdlib-2.0.0-commonMain-2bbUHA.klib
	at jdk.zipfs/jdk.nio.zipfs.ZipFileSystem.<init>(ZipFileSystem.java:166)
	at jdk.zipfs/jdk.nio.zipfs.ZipFileSystemProvider.getZipFileSystem(ZipFileSystemProvider.java:125)
	at jdk.zipfs/jdk.nio.zipfs.ZipFileSystemProvider.newFileSystem(ZipFileSystemProvider.java:120)
	at org.jetbrains.kotlin.konan.file.ZipUtilKt.zipFileSystem(ZipUtil.kt:27)
	at org.jetbrains.kotlin.konan.file.ZipUtilKt.withZipFileSystem(ZipUtil.kt:79)
	at org.jetbrains.kotlin.konan.file.ZipUtilKt.withZipFileSystem(ZipUtil.kt:82)
	at org.jetbrains.kotlin.konan.file.ZipFileSystemInPlaceAccessor.withZipFileSystem(ZipFileSystemAccessor.kt:16)
	at org.jetbrains.kotlin.library.impl.BaseLibraryAccess.inPlace(KotlinLibraryLayoutImpl.kt:67)
	at org.jetbrains.kotlin.library.impl.MetadataLibraryImpl.packageMetadata(KotlinLibraryImpl.kt:70)
	at org.jetbrains.kotlin.library.impl.KotlinLibraryImpl.packageMetadata(KotlinLibraryImpl.kt)
	at org.jetbrains.kotlin.library.metadata.SimplePackageAccessHandler.loadPackageFragment(KlibMetadataDeserializationUtils.kt:37)
	at org.jetbrains.kotlin.library.metadata.KlibMetadataDeserializedPackageFragment.ensureStorage(KlibMetadataPackageFragment.kt:43)
	at org.jetbrains.kotlin.library.metadata.KlibMetadataDeserializedPackageFragment.getProtoForNames(KlibMetadataPackageFragment.kt:36)
	at org.jetbrains.kotlin.library.metadata.KlibMetadataDeserializedPackageFragment.getProto(KlibMetadataPackageFragment.kt:52)
	at org.jetbrains.kotlin.library.metadata.KlibMetadataPackageFragment._memberScope_delegate$lambda$3(KlibMetadataPackageFragment.kt:111)
	at kotlin.SynchronizedLazyImpl.getValue(LazyJVM.kt:74)
	at org.jetbrains.kotlin.library.metadata.KlibMetadataPackageFragment.get_memberScope(KlibMetadataPackageFragment.kt:107)
	at org.jetbrains.kotlin.library.metadata.KlibMetadataPackageFragment.getMemberScope(KlibMetadataPackageFragment.kt:120)
	at org.jetbrains.kotlin.library.metadata.KlibMetadataPackageFragment.getMemberScope(KlibMetadataPackageFragment.kt:79)
	at org.jetbrains.kotlin.descriptors.impl.LazyPackageViewDescriptorImpl.memberScope$lambda$3(LazyPackageViewDescriptorImpl.kt:49)
	at org.jetbrains.kotlin.resolve.scopes.LazyScopeAdapter.lazyScope$lambda$1(LazyScopeAdapter.kt:28)
	at org.jetbrains.kotlin.storage.LockBasedStorageManager$LockBasedLazyValue.invoke(LockBasedStorageManager.java:408)
	at org.jetbrains.kotlin.storage.LockBasedStorageManager$LockBasedNotNullLazyValue.invoke(LockBasedStorageManager.java:527)
	at org.jetbrains.kotlin.resolve.scopes.LazyScopeAdapter.getWorkerScope(LazyScopeAdapter.kt:34)
	at org.jetbrains.kotlin.resolve.scopes.AbstractScopeAdapter.getContributedClassifier(AbstractScopeAdapter.kt:44)
	at org.jetbrains.kotlin.descriptors.DescriptorUtilKt.resolveClassByFqName(descriptorUtil.kt:27)
	at org.jetbrains.kotlin.descriptors.DescriptorUtilKt.resolveClassByFqName(descriptorUtil.kt:29)
	at org.jetbrains.kotlin.descriptors.DescriptorUtilKt.resolveClassByFqName(descriptorUtil.kt:29)
	at com.google.devtools.ksp.processing.impl.ResolverImpl.<init>(ResolverImpl.kt:1150)
	at com.google.devtools.ksp.AbstractKotlinSymbolProcessingExtension.doAnalysis(KotlinSymbolProcessingExtension.kt:221)
	at org.jetbrains.kotlin.analyzer.common.CommonResolverForModuleFactory$Companion.analyzeFiles(CommonResolverForModuleFactory.kt:204)
	at org.jetbrains.kotlin.analyzer.common.CommonResolverForModuleFactory$Companion.analyzeFiles$default(CommonResolverForModuleFactory.kt:143)
	at org.jetbrains.kotlin.cli.metadata.CommonAnalysisKt.runCommonAnalysisIteration$lambda$1(CommonAnalysis.kt:72)
	at org.jetbrains.kotlin.cli.common.messages.AnalyzerWithCompilerReport.analyzeAndReport(AnalyzerWithCompilerReport.kt:115)
	at org.jetbrains.kotlin.cli.metadata.CommonAnalysisKt.runCommonAnalysisIteration(CommonAnalysis.kt:71)
	at org.jetbrains.kotlin.cli.metadata.CommonAnalysisKt.runCommonAnalysisForSerialization(CommonAnalysis.kt:38)
	at org.jetbrains.kotlin.cli.metadata.K2MetadataKlibSerializer.analyze(K2MetadataKlibSerializer.kt:45)
	at org.jetbrains.kotlin.cli.metadata.K2MetadataKlibSerializer.analyze(K2MetadataKlibSerializer.kt:40)
	at org.jetbrains.kotlin.cli.metadata.AbstractMetadataSerializer.analyzeAndSerialize(AbstractMetadataSerializer.kt:34)
	at org.jetbrains.kotlin.cli.metadata.K2MetadataCompiler.doExecute(K2MetadataCompiler.kt:134)
	at org.jetbrains.kotlin.cli.metadata.K2MetadataCompiler.doExecute(K2MetadataCompiler.kt:48)
	at org.jetbrains.kotlin.cli.common.CLICompiler.execImpl(CLICompiler.kt:104)
	at org.jetbrains.kotlin.cli.common.CLICompiler.execImpl(CLICompiler.kt:48)
	at org.jetbrains.kotlin.cli.common.CLITool.exec(CLITool.kt:101)
	at org.jetbrains.kotlin.daemon.CompileServiceImpl.compile(CompileServiceImpl.kt:1556)
	at java.base/jdk.internal.reflect.NativeMethodAccessorImpl.invoke0(Native Method)
	at java.base/jdk.internal.reflect.NativeMethodAccessorImpl.invoke(NativeMethodAccessorImpl.java:77)
	at java.base/jdk.internal.reflect.DelegatingMethodAccessorImpl.invoke(DelegatingMethodAccessorImpl.java:43)
	at java.base/java.lang.reflect.Method.invoke(Method.java:568)
	at java.rmi/sun.rmi.server.UnicastServerRef.dispatch(UnicastServerRef.java:360)
	at java.rmi/sun.rmi.transport.Transport$1.run(Transport.java:200)
	at java.rmi/sun.rmi.transport.Transport$1.run(Transport.java:197)
	at java.base/java.security.AccessController.doPrivileged(AccessController.java:712)
	at java.rmi/sun.rmi.transport.Transport.serviceCall(Transport.java:196)
	at java.rmi/sun.rmi.transport.tcp.TCPTransport.handleMessages(TCPTransport.java:587)
	at java.rmi/sun.rmi.transport.tcp.TCPTransport$ConnectionHandler.run0(TCPTransport.java:828)
	at java.rmi/sun.rmi.transport.tcp.TCPTransport$ConnectionHandler.lambda$run$0(TCPTransport.java:705)
	at java.base/java.security.AccessController.doPrivileged(AccessController.java:399)
	at java.rmi/sun.rmi.transport.tcp.TCPTransport$ConnectionHandler.run(TCPTransport.java:704)
	at java.base/java.util.concurrent.ThreadPoolExecutor.runWorker(ThreadPoolExecutor.java:1136)
	at java.base/java.util.concurrent.ThreadPoolExecutor$Worker.run(ThreadPoolExecutor.java:635)
	at java.base/java.lang.Thread.run(Thread.java:840)


